c:\users\sonwonjong\desktop\dxtest\directx-11\directx11_framework\directx11_framework\debug\directx11_framework.pch
c:\users\sonwonjong\desktop\dxtest\directx-11\directx11_framework\directx11_framework\debug\vc141.pdb
c:\users\sonwonjong\desktop\dxtest\directx-11\directx11_framework\directx11_framework\debug\vc141.idb
c:\users\sonwonjong\desktop\dxtest\directx-11\directx11_framework\directx11_framework\debug\cameraclass.obj
c:\users\sonwonjong\desktop\dxtest\directx-11\directx11_framework\directx11_framework\debug\colorshader.obj
c:\users\sonwonjong\desktop\dxtest\directx-11\directx11_framework\directx11_framework\debug\directx11main.obj
c:\users\sonwonjong\desktop\dxtest\directx-11\directx11_framework\directx11_framework\debug\directxmanager.obj
c:\users\sonwonjong\desktop\dxtest\directx-11\directx11_framework\directx11_framework\debug\graphicsmanager.obj
c:\users\sonwonjong\desktop\dxtest\directx-11\directx11_framework\directx11_framework\debug\inputmanager.obj
c:\users\sonwonjong\desktop\dxtest\directx-11\directx11_framework\directx11_framework\debug\modelclass.obj
c:\users\sonwonjong\desktop\dxtest\directx-11\directx11_framework\directx11_framework\debug\stdafx.obj
c:\users\sonwonjong\desktop\dxtest\directx-11\directx11_framework\directx11_framework\debug\systemapp.obj
c:\users\sonwonjong\desktop\dxtest\directx-11\directx11_framework\debug\directx11_framework.pdb
c:\users\sonwonjong\desktop\dxtest\directx-11\directx11_framework\directx11_framework\debug\directx1.001ecbff.tlog\cl.command.1.tlog
c:\users\sonwonjong\desktop\dxtest\directx-11\directx11_framework\directx11_framework\debug\directx1.001ecbff.tlog\cl.read.1.tlog
c:\users\sonwonjong\desktop\dxtest\directx-11\directx11_framework\directx11_framework\debug\directx1.001ecbff.tlog\cl.write.1.tlog
c:\users\sonwonjong\desktop\dxtest\directx-11\directx11_framework\directx11_framework\debug\directx1.001ecbff.tlog\link-cvtres.read.1.tlog
c:\users\sonwonjong\desktop\dxtest\directx-11\directx11_framework\directx11_framework\debug\directx1.001ecbff.tlog\link-cvtres.write.1.tlog
c:\users\sonwonjong\desktop\dxtest\directx-11\directx11_framework\directx11_framework\debug\directx1.001ecbff.tlog\link-rc.read.1.tlog
c:\users\sonwonjong\desktop\dxtest\directx-11\directx11_framework\directx11_framework\debug\directx1.001ecbff.tlog\link-rc.write.1.tlog
c:\users\sonwonjong\desktop\dxtest\directx-11\directx11_framework\directx11_framework\debug\directx1.001ecbff.tlog\link.command.1.tlog
c:\users\sonwonjong\desktop\dxtest\directx-11\directx11_framework\directx11_framework\debug\directx1.001ecbff.tlog\link.read.1.tlog
c:\users\sonwonjong\desktop\dxtest\directx-11\directx11_framework\directx11_framework\debug\directx1.001ecbff.tlog\link.write.1.tlog
